<?xml version="1.0" encoding="UTF-8"?>
<!-- Generated by org.testng.reporters.JUnitReportReporter -->
<testsuite hostname="LAPTOP-7VDK3FRJ" failures="0" tests="2" name="com.excelr.testcases.LoginPageTest" time="18.094" errors="0" timestamp="2024-05-04T12:32:39 IST" skipped="0">
  <testcase classname="com.excelr.testcases.LoginPageTest" name="validateLoginTest" time="11.815"/>
  <system-out/>
  <testcase classname="com.excelr.testcases.LoginPageTest" name="validateTitleTest" time="6.279"/>
  <system-out/>
</testsuite> <!-- com.excelr.testcases.LoginPageTest -->
