<?xml version="1.0" encoding="UTF-8"?>
<!-- Generated by org.testng.reporters.JUnitReportReporter -->
<testsuite hostname="LAPTOP-7VDK3FRJ" failures="0" tests="1" name="com.project.testcases.N_WisListTest" time="21.931" errors="0" timestamp="2024-05-15T16:25:28 IST" skipped="0">
  <testcase classname="com.project.testcases.N_WisListTest" name="cartItems" time="21.931"/>
  <system-out/>
</testsuite> <!-- com.project.testcases.N_WisListTest -->
