<?xml version="1.0" encoding="UTF-8"?>
<!-- Generated by org.testng.reporters.JUnitReportReporter -->
<testsuite hostname="LAPTOP-7VDK3FRJ" failures="0" tests="1" name="com.project.testcases.C_SearchOptionsTest" time="10.191" errors="0" timestamp="2024-05-15T15:37:23 IST" skipped="0">
  <testcase classname="com.project.testcases.C_SearchOptionsTest" name="testSearchBar" time="10.191"/>
  <system-out/>
</testsuite> <!-- com.project.testcases.C_SearchOptionsTest -->
