<?xml version="1.0" encoding="UTF-8"?>
<!-- Generated by org.testng.reporters.JUnitReportReporter -->
<testsuite hostname="LAPTOP-7VDK3FRJ" failures="0" tests="1" name="com.project.testcases.O_SortByTest" time="14.766" errors="0" timestamp="2024-05-15T16:37:43 IST" skipped="0">
  <testcase classname="com.project.testcases.O_SortByTest" name="sorting" time="14.766"/>
  <system-out/>
</testsuite> <!-- com.project.testcases.O_SortByTest -->
