<?xml version="1.0" encoding="UTF-8"?>
<!-- Generated by org.testng.reporters.JUnitReportReporter -->
<testsuite hostname="LAPTOP-7VDK3FRJ" failures="0" tests="1" name="com.project.testcases.Q_AddingFiltersTest" time="17.970" errors="0" timestamp="2024-05-15T16:45:28 IST" skipped="0">
  <testcase classname="com.project.testcases.Q_AddingFiltersTest" name="addfilter" time="17.970"/>
  <system-out/>
</testsuite> <!-- com.project.testcases.Q_AddingFiltersTest -->
