<?xml version="1.0" encoding="UTF-8"?>
<!-- Generated by org.testng.reporters.JUnitReportReporter -->
<testsuite hostname="LAPTOP-7VDK3FRJ" failures="0" tests="1" name="com.project.testcases.M_CartCheckoutTest" time="35.894" errors="0" timestamp="2024-05-15T16:23:03 IST" skipped="0">
  <testcase classname="com.project.testcases.M_CartCheckoutTest" name="cartItems" time="35.894"/>
  <system-out/>
</testsuite> <!-- com.project.testcases.M_CartCheckoutTest -->
