<?xml version="1.0" encoding="UTF-8"?>
<!-- Generated by org.testng.reporters.JUnitReportReporter -->
<testsuite hostname="LAPTOP-7VDK3FRJ" failures="0" tests="1" name="com.project.testcases.V_NoItemCartCheckTest" time="8.274" errors="0" timestamp="2024-05-15T17:20:28 IST" skipped="0">
  <testcase classname="com.project.testcases.V_NoItemCartCheckTest" name="selectOtherTabs" time="8.274"/>
  <system-out/>
</testsuite> <!-- com.project.testcases.V_NoItemCartCheckTest -->
