<?xml version="1.0" encoding="UTF-8"?>
<!-- Generated by org.testng.reporters.JUnitReportReporter -->
<testsuite hostname="LAPTOP-7VDK3FRJ" failures="0" tests="1" name="com.project.testcases.R_SearchItemsTest" time="13.606" errors="0" timestamp="2024-05-15T16:54:52 IST" skipped="0">
  <testcase classname="com.project.testcases.R_SearchItemsTest" name="searchItems" time="13.606"/>
  <system-out/>
</testsuite> <!-- com.project.testcases.R_SearchItemsTest -->
