<?xml version="1.0" encoding="UTF-8"?>
<!-- Generated by org.testng.reporters.JUnitReportReporter -->
<testsuite hostname="LAPTOP-7VDK3FRJ" failures="0" tests="1" name="com.project.testcases.D_WomenTest" time="34.434" errors="0" timestamp="2024-05-15T15:43:21 IST" skipped="0">
  <testcase classname="com.project.testcases.D_WomenTest" name="womenJacketSelect" time="34.434"/>
  <system-out/>
</testsuite> <!-- com.project.testcases.D_WomenTest -->
