<?xml version="1.0" encoding="UTF-8"?>
<!-- Generated by org.testng.reporters.JUnitReportReporter -->
<testsuite hostname="LAPTOP-7VDK3FRJ" failures="0" tests="1" name="com.project.testcases.T_SelectingOtherTabsTest" time="14.743" errors="0" timestamp="2024-05-15T16:59:52 IST" skipped="0">
  <testcase classname="com.project.testcases.T_SelectingOtherTabsTest" name="selectOtherTabs" time="14.743"/>
  <system-out/>
</testsuite> <!-- com.project.testcases.T_SelectingOtherTabsTest -->
