<?xml version="1.0" encoding="UTF-8"?>
<!-- Generated by org.testng.reporters.JUnitReportReporter -->
<testsuite hostname="LAPTOP-7VDK3FRJ" failures="0" tests="1" name="com.project.testcases.J_SubscribeTest" time="16.379" errors="0" timestamp="2024-05-15T16:08:38 IST" skipped="0">
  <testcase classname="com.project.testcases.J_SubscribeTest" name="subcribeTest" time="16.379"/>
  <system-out/>
</testsuite> <!-- com.project.testcases.J_SubscribeTest -->
