<?xml version="1.0" encoding="UTF-8"?>
<!-- Generated by org.testng.reporters.JUnitReportReporter -->
<testsuite hostname="LAPTOP-7VDK3FRJ" failures="0" tests="1" name="com.project.testcases.G_ShopTeesTest" time="14.684" errors="0" timestamp="2024-05-15T15:57:18 IST" skipped="0">
  <testcase classname="com.project.testcases.G_ShopTeesTest" name="ShopTTest" time="14.684"/>
  <system-out/>
</testsuite> <!-- com.project.testcases.G_ShopTeesTest -->
