<?xml version="1.0" encoding="UTF-8"?>
<!-- Generated by org.testng.reporters.JUnitReportReporter -->
<testsuite hostname="LAPTOP-7VDK3FRJ" failures="0" tests="1" name="com.excelr.testcases.DashboardPageTest" time="10.151" errors="0" timestamp="2024-03-30T11:40:11 IST" skipped="0">
  <testcase classname="com.excelr.testcases.DashboardPageTest" name="validateTimeWorkTest" time="10.151"/>
  <system-out/>
</testsuite> <!-- com.excelr.testcases.DashboardPageTest -->
