<?xml version="1.0" encoding="UTF-8"?>
<!-- Generated by org.testng.reporters.JUnitReportReporter -->
<testsuite hostname="LAPTOP-7VDK3FRJ" failures="0" tests="1" name="com.project.testcases.U_ImageCheckTest" time="16.399" errors="0" timestamp="2024-05-15T17:17:33 IST" skipped="0">
  <testcase classname="com.project.testcases.U_ImageCheckTest" name="selectOtherTabs" time="16.399"/>
  <system-out/>
</testsuite> <!-- com.project.testcases.U_ImageCheckTest -->
