<?xml version="1.0" encoding="UTF-8"?>
<!-- Generated by org.testng.reporters.JUnitReportReporter -->
<testsuite hostname="LAPTOP-7VDK3FRJ" failures="0" tests="1" name="com.project.testcases.I_AddReviewTest" time="11.377" errors="0" timestamp="2024-05-15T16:02:56 IST" skipped="0">
  <testcase classname="com.project.testcases.I_AddReviewTest" name="addReviewTest" time="11.377"/>
  <system-out/>
</testsuite> <!-- com.project.testcases.I_AddReviewTest -->
