<?xml version="1.0" encoding="UTF-8"?>
<!-- Generated by org.testng.reporters.JUnitReportReporter -->
<testsuite hostname="LAPTOP-7VDK3FRJ" failures="0" tests="1" name="com.project.testcases.X_GearEquipmentTest" time="20.710" errors="0" timestamp="2024-05-15T17:25:11 IST" skipped="0">
  <testcase classname="com.project.testcases.X_GearEquipmentTest" name="gearTest" time="20.710"/>
  <system-out/>
</testsuite> <!-- com.project.testcases.X_GearEquipmentTest -->
