<?xml version="1.0" encoding="UTF-8"?>
<!-- Generated by org.testng.reporters.JUnitReportReporter -->
<testsuite hostname="LAPTOP-7VDK3FRJ" failures="0" tests="1" name="com.project.testcases.F_CartCheckoutTest" time="25.686" errors="0" timestamp="2024-05-15T15:54:41 IST" skipped="0">
  <testcase classname="com.project.testcases.F_CartCheckoutTest" name="addItemsTest" time="25.686"/>
  <system-out/>
</testsuite> <!-- com.project.testcases.F_CartCheckoutTest -->
