<?xml version="1.0" encoding="UTF-8"?>
<!-- Generated by org.testng.reporters.JUnitReportReporter -->
<testsuite hostname="LAPTOP-7VDK3FRJ" failures="0" tests="1" name="com.excelr.testcases.Amazon_Login_Test" time="3.570" errors="0" timestamp="2024-05-01T12:14:32 IST" skipped="0">
  <testcase classname="com.excelr.testcases.Amazon_Login_Test" name="validateLogin" time="3.570"/>
  <system-out/>
</testsuite> <!-- com.excelr.testcases.Amazon_Login_Test -->
