<?xml version="1.0" encoding="UTF-8"?>
<!-- Generated by org.testng.reporters.JUnitReportReporter -->
<testsuite hostname="LAPTOP-7VDK3FRJ" failures="0" tests="2" name="com.project.testcases.Y_TitleURLTest" time="18.270" errors="0" timestamp="2024-05-15T17:29:18 IST" skipped="0">
  <testcase classname="com.project.testcases.Y_TitleURLTest" name="URLTest" time="7.007"/>
  <system-out/>
  <testcase classname="com.project.testcases.Y_TitleURLTest" name="titleTest" time="11.263"/>
  <system-out/>
</testsuite> <!-- com.project.testcases.Y_TitleURLTest -->
