<?xml version="1.0" encoding="UTF-8"?>
<!-- Generated by org.testng.reporters.JUnitReportReporter -->
<testsuite hostname="LAPTOP-7VDK3FRJ" failures="0" tests="1" name="com.project.testcases.L_SaleOptionTest" time="14.167" errors="0" timestamp="2024-05-15T16:15:30 IST" skipped="0">
  <testcase classname="com.project.testcases.L_SaleOptionTest" name="orderDetailsTest" time="14.167"/>
  <system-out/>
</testsuite> <!-- com.project.testcases.L_SaleOptionTest -->
