<?xml version="1.0" encoding="UTF-8"?>
<!-- Generated by org.testng.reporters.JUnitReportReporter -->
<testsuite hostname="LAPTOP-7VDK3FRJ" failures="0" tests="1" name="com.project.testcases.E_WhatsNewTest" time="16.684" errors="0" timestamp="2024-05-15T15:47:14 IST" skipped="0">
  <testcase classname="com.project.testcases.E_WhatsNewTest" name="whatsNewSelect" time="16.684"/>
  <system-out/>
</testsuite> <!-- com.project.testcases.E_WhatsNewTest -->
