<?xml version="1.0" encoding="UTF-8"?>
<!-- Generated by org.testng.reporters.JUnitReportReporter -->
<testsuite hostname="LAPTOP-7VDK3FRJ" failures="0" tests="1" name="com.project.testcases.SignInPageTest" time="35.482" errors="0" timestamp="2024-05-04T14:49:32 IST" skipped="0">
  <testcase classname="com.project.testcases.SignInPageTest" name="testInputCreateAccount" time="35.482"/>
  <system-out/>
</testsuite> <!-- com.project.testcases.SignInPageTest -->
