<?xml version="1.0" encoding="UTF-8"?>
<!-- Generated by org.testng.reporters.JUnitReportReporter -->
<testsuite hostname="LAPTOP-7VDK3FRJ" failures="0" tests="1" name="com.project.testcases.W_OptionsTest" time="15.815" errors="0" timestamp="2024-05-15T17:23:11 IST" skipped="0">
  <testcase classname="com.project.testcases.W_OptionsTest" name="selectOtherTabs" time="15.815"/>
  <system-out/>
</testsuite> <!-- com.project.testcases.W_OptionsTest -->
