<?xml version="1.0" encoding="UTF-8"?>
<!-- Generated by org.testng.reporters.JUnitReportReporter -->
<testsuite hostname="LAPTOP-7VDK3FRJ" failures="0" tests="2" name="com.project.testcases.CredSignInTest" time="35.780" errors="0" timestamp="2024-05-04T15:10:58 IST" skipped="0">
  <testcase classname="com.project.testcases.CredSignInTest" name="testPositiveCred" time="15.025"/>
  <system-out/>
  <testcase classname="com.project.testcases.CredSignInTest" name="testNegativeCred" time="20.755"/>
  <system-out/>
</testsuite> <!-- com.project.testcases.CredSignInTest -->
