<?xml version="1.0" encoding="UTF-8"?>
<!-- Generated by org.testng.reporters.JUnitReportReporter -->
<testsuite hostname="LAPTOP-7VDK3FRJ" failures="0" tests="1" name="com.project.testcases.H_HomePageLinksTest" time="34.955" errors="0" timestamp="2024-05-15T16:00:48 IST" skipped="0">
  <testcase classname="com.project.testcases.H_HomePageLinksTest" name="testHomePage" time="34.955"/>
  <system-out/>
</testsuite> <!-- com.project.testcases.H_HomePageLinksTest -->
