<?xml version="1.0" encoding="UTF-8"?>
<!-- Generated by org.testng.reporters.JUnitReportReporter -->
<testsuite hostname="LAPTOP-7VDK3FRJ" failures="0" tests="3" name="com.project.testcases.A_SignInPageTest" time="27.894" errors="0" timestamp="2024-05-15T18:50:19 IST" skipped="0">
  <testcase classname="com.project.testcases.A_SignInPageTest" name="testPageTitle" time="7.404"/>
  <testcase classname="com.project.testcases.A_SignInPageTest" name="testCreateAccount" time="12.325"/>
  <testcase classname="com.project.testcases.A_SignInPageTest" name="testInputCreateAccount" time="8.165"/>
</testsuite> <!-- com.project.testcases.A_SignInPageTest -->
