<?xml version="1.0" encoding="UTF-8"?>
<!-- Generated by org.testng.reporters.JUnitReportReporter -->
<testsuite hostname="LAPTOP-7VDK3FRJ" failures="0" tests="2" name="com.project.testcases.B_CredSignInTest" time="26.471" errors="0" timestamp="2024-05-15T15:37:05 IST" skipped="0">
  <testcase classname="com.project.testcases.B_CredSignInTest" name="testPositiveCred" time="16.172"/>
  <system-out/>
  <testcase classname="com.project.testcases.B_CredSignInTest" name="testNegativeCred" time="10.299"/>
  <system-out/>
</testsuite> <!-- com.project.testcases.B_CredSignInTest -->
