<?xml version="1.0" encoding="UTF-8"?>
<!-- Generated by org.testng.reporters.JUnitReportReporter -->
<testsuite hostname="LAPTOP-7VDK3FRJ" failures="0" tests="1" name="com.project.testcases.K_OrderDetailsTest" time="11.292" errors="0" timestamp="2024-05-15T16:13:05 IST" skipped="0">
  <testcase classname="com.project.testcases.K_OrderDetailsTest" name="orderDetailsTest" time="11.292"/>
  <system-out/>
</testsuite> <!-- com.project.testcases.K_OrderDetailsTest -->
